[19:04:29] [ServerMain/INFO]: Environment: Environment[sessionHost=https://sessionserver.mojang.com, servicesHost=https://api.minecraftservices.com, name=PROD]
[19:04:31] [ServerMain/INFO]: Loaded 1337 recipes
[19:04:31] [ServerMain/INFO]: Loaded 1448 advancements
[19:04:31] [Server thread/INFO]: Starting minecraft server version 1.21.3
[19:04:31] [Server thread/INFO]: Loading properties
[19:04:31] [Server thread/INFO]: Default game type: SURVIVAL
[19:04:31] [Server thread/INFO]: Generating keypair
[19:04:31] [Server thread/INFO]: Starting Minecraft server on *:25565
[19:04:31] [Server thread/INFO]: Using epoll channel type
[19:04:31] [Server thread/WARN]: **** SERVER IS RUNNING IN OFFLINE/INSECURE MODE!
[19:04:31] [Server thread/WARN]: The server will make no attempt to authenticate usernames. Beware.
[19:04:31] [Server thread/WARN]: While this makes the game possible to play without internet access, it also opens up the ability for hackers to connect with any username they choose.
[19:04:31] [Server thread/WARN]: To change this, set "online-mode" to "true" in the server.properties file.
[19:04:31] [Server thread/INFO]: Preparing level "world"
[19:04:32] [Server thread/INFO]: Preparing start region for dimension minecraft:overworld
[19:04:34] [Worker-Main-2/INFO]: Preparing spawn area: 0%
[19:04:34] [Worker-Main-2/INFO]: Preparing spawn area: 0%
[19:04:34] [Worker-Main-2/INFO]: Preparing spawn area: 0%
[19:04:34] [Worker-Main-2/INFO]: Preparing spawn area: 0%
[19:04:34] [Worker-Main-2/INFO]: Preparing spawn area: 0%
[19:04:34] [Worker-Main-2/INFO]: Preparing spawn area: 0%
[19:04:35] [Server thread/INFO]: Time elapsed: 2646 ms
[19:04:35] [Server thread/INFO]: Done (3.079s)! For help, type "help"
[19:04:39] [Server thread/INFO]: Stopping the server
[19:04:39] [Server thread/INFO]: Stopping server
[19:04:39] [Server thread/INFO]: Saving players
[19:04:39] [Server thread/INFO]: Saving worlds
[19:04:39] [Server thread/INFO]: Saving chunks for level 'ServerLevel[world]'/minecraft:overworld
[19:04:39] [Server thread/INFO]: Saving chunks for level 'ServerLevel[world]'/minecraft:the_nether
[19:04:39] [Server thread/INFO]: Saving chunks for level 'ServerLevel[world]'/minecraft:the_end
[19:04:39] [Server thread/INFO]: ThreadedAnvilChunkStorage (world): All chunks are saved
[19:04:39] [Server thread/INFO]: ThreadedAnvilChunkStorage (DIM-1): All chunks are saved
[19:04:39] [Server thread/INFO]: ThreadedAnvilChunkStorage (DIM1): All chunks are saved
[19:04:39] [Server thread/INFO]: ThreadedAnvilChunkStorage: All dimensions are saved
